<?xml version="1.0" encoding="UTF-8"?>
<!-- Generated by org.testng.reporters.JUnitReportReporter -->
<testsuite hostname="Zeeshan-Dell" failures="0" tests="4" name="com.ebay.carSEARCH._04_01_ITestListener_Test_Cases_Having_Scenarios" time="15.506" errors="0" timestamp="2021-08-07T18:28:00 AEST" skipped="0">
  <testcase classname="com.ebay.carSEARCH._04_01_ITestListener_Test_Cases_Having_Scenarios" name="carSearching" time="5.736"/>
  <system-out/>
  <testcase classname="com.ebay.carSEARCH._04_01_ITestListener_Test_Cases_Having_Scenarios" name="carDetails" time="6.459"/>
  <system-out/>
  <testcase classname="com.ebay.carSEARCH._04_01_ITestListener_Test_Cases_Having_Scenarios" name="browserQuit" time="0.216"/>
  <system-out/>
  <testcase classname="com.ebay.carSEARCH._04_01_ITestListener_Test_Cases_Having_Scenarios" name="openBrowser" time="3.095"/>
  <system-out/>
</testsuite> <!-- com.ebay.carSEARCH._04_01_ITestListener_Test_Cases_Having_Scenarios -->
