<?xml version="1.0" encoding="UTF-8"?>
<!-- Generated by org.testng.reporters.JUnitReportReporter -->
<testsuite hostname="Zeeshan-Dell" failures="0" tests="4" name="com.ebay.carSEARCH._04_01_ITestListener_Test_Cases_Having_Scenarios" time="17.082" errors="0" timestamp="2021-08-07T18:33:58 AEST" skipped="0">
  <testcase classname="com.ebay.carSEARCH._04_01_ITestListener_Test_Cases_Having_Scenarios" name="carSearching" time="6.300"/>
  <system-out/>
  <testcase classname="com.ebay.carSEARCH._04_01_ITestListener_Test_Cases_Having_Scenarios" name="browserQuit" time="0.225"/>
  <system-out/>
  <testcase classname="com.ebay.carSEARCH._04_01_ITestListener_Test_Cases_Having_Scenarios" name="openBrowser" time="4.100"/>
  <system-out/>
  <testcase classname="com.ebay.carSEARCH._04_01_ITestListener_Test_Cases_Having_Scenarios" name="carDetails" time="6.457"/>
  <system-out/>
</testsuite> <!-- com.ebay.carSEARCH._04_01_ITestListener_Test_Cases_Having_Scenarios -->
